c:\users\ted00\desktop\수업연습폴더\framework_git\client\includes\debug\client.pch
c:\users\ted00\desktop\수업연습폴더\framework_git\client\includes\debug\vc140.pdb
c:\users\ted00\desktop\수업연습폴더\framework_git\client\includes\debug\vc140.idb
c:\users\ted00\desktop\수업연습폴더\framework_git\client\includes\debug\stdafx.obj
c:\users\ted00\desktop\수업연습폴더\framework_git\client\includes\debug\mainapp.obj
c:\users\ted00\desktop\수업연습폴더\framework_git\client\includes\debug\client.obj
c:\users\ted00\desktop\수업연습폴더\framework_git\client\bin\client.ilk
c:\users\ted00\desktop\수업연습폴더\framework_git\client\bin\client.exe
c:\users\ted00\desktop\수업연습폴더\framework_git\client\bin\client.pdb
c:\users\ted00\desktop\수업연습폴더\framework_git\client\includes\debug\client.res
c:\users\ted00\desktop\수업연습폴더\framework_git\client\includes\../bin/client.exe
c:\users\ted00\desktop\수업연습폴더\framework_git\client\includes\debug\client.tlog\cl.command.1.tlog
c:\users\ted00\desktop\수업연습폴더\framework_git\client\includes\debug\client.tlog\cl.read.1.tlog
c:\users\ted00\desktop\수업연습폴더\framework_git\client\includes\debug\client.tlog\cl.write.1.tlog
c:\users\ted00\desktop\수업연습폴더\framework_git\client\includes\debug\client.tlog\link.command.1.tlog
c:\users\ted00\desktop\수업연습폴더\framework_git\client\includes\debug\client.tlog\link.read.1.tlog
c:\users\ted00\desktop\수업연습폴더\framework_git\client\includes\debug\client.tlog\link.write.1.tlog
c:\users\ted00\desktop\수업연습폴더\framework_git\client\includes\debug\client.tlog\rc.command.1.tlog
c:\users\ted00\desktop\수업연습폴더\framework_git\client\includes\debug\client.tlog\rc.read.1.tlog
c:\users\ted00\desktop\수업연습폴더\framework_git\client\includes\debug\client.tlog\rc.write.1.tlog
